<?xml version="1.0" encoding="UTF-8"?>
<!-- Generated by org.testng.reporters.JUnitXMLReporter -->
<testsuite ignored="1" hostname="Adeep-Lap" failures="0" tests="5" name="Default test" time="0.08" errors="0" timestamp="2021-05-30T11:26:07 IST">
  <testcase classname="Webappautomation.testNGDemo" name="sixthmethod" time="0.008"/>
  <testcase classname="Webappautomation.testNGDemo" name="fifthmethod" time="0.002"/>
  <testcase classname="Webappautomation.testNGDemo" name="fourthmethod" time="0.001"/>
  <testcase classname="Webappautomation.testNGDemo" name="firstmethod" time="0.002"/>
  <testcase classname="Webappautomation.testNGDemo" name="thirdmethod" time="0.002"/>
  <testcase classname="Webappautomation.testNGDemo" name="secondmethod" time="0.0">
    <ignored/>
  </testcase> <!-- secondmethod -->
</testsuite> <!-- Default test -->
