<?xml version="1.0" encoding="UTF-8"?>
<!-- Generated by org.testng.reporters.JUnitXMLReporter -->
<testsuite ignored="0" hostname="Adeep-Lap" failures="1" tests="6" name="Test" time="0.106" errors="0" timestamp="2021-06-23T00:12:28 IST">
  <testcase classname="testNGsample.billing" name="createBilling" time="0.009">
    <failure type="java.lang.AssertionError" message="expected [Adeepbp] but found [Adeep]">
      <![CDATA[java.lang.AssertionError: expected [Adeepbp] but found [Adeep]
at testNGsample.billing.createBilling(billing.java:14)
at java.base/java.util.ArrayList.forEach(ArrayList.java:1511)
... Removed 33 stack frames]]>
    </failure>
  </testcase> <!-- createBilling -->
  <testcase classname="testNGsample.billing" name="deleteBilling" time="0.002"/>
  <testcase classname="testNGsample.billing" name="editBilling" time="0.0">
    <skipped/>
  </testcase> <!-- editBilling -->
  <testcase classname="testNGsample.users" name="createuser" time="0.005"/>
  <testcase classname="testNGsample.users" name="edituser" time="0.001"/>
  <testcase classname="testNGsample.users" name="deleteuser" time="0.001"/>
</testsuite> <!-- Test -->
