<?xml version="1.0" encoding="UTF-8"?>
<testng-results ignored="0" total="6" passed="4" failed="1" skipped="1">
  <reporter-output>
  </reporter-output>
  <suite started-at="2021-06-23T00:12:28 IST" name="Suite" finished-at="2021-06-23T00:12:28 IST" duration-ms="106">
    <groups>
    </groups>
    <test started-at="2021-06-23T00:12:28 IST" name="Test" finished-at="2021-06-23T00:12:28 IST" duration-ms="106">
      <class name="testNGsample.billing">
        <test-method is-config="true" signature="launch()[pri:0, instance:testNGsample.billing@9353778]" started-at="2021-06-23T00:12:28 IST" name="launch" finished-at="2021-06-23T00:12:28 IST" duration-ms="7" status="PASS">
          <reporter-output>
          </reporter-output>
        </test-method> <!-- launch -->
        <test-method is-config="true" signature="login()[pri:0, instance:testNGsample.billing@9353778]" started-at="2021-06-23T00:12:28 IST" name="login" finished-at="2021-06-23T00:12:28 IST" duration-ms="0" status="PASS">
          <reporter-output>
          </reporter-output>
        </test-method> <!-- login -->
        <test-method signature="createBilling()[pri:0, instance:testNGsample.billing@9353778]" started-at="2021-06-23T00:12:28 IST" name="createBilling" finished-at="2021-06-23T00:12:28 IST" duration-ms="9" status="FAIL">
          <exception class="java.lang.AssertionError">
            <message>
              <![CDATA[expected [Adeepbp] but found [Adeep]]]>
            </message>
            <full-stacktrace>
              <![CDATA[java.lang.AssertionError: expected [Adeepbp] but found [Adeep]
at org.testng.Assert.fail(Assert.java:99)
at org.testng.Assert.failNotEquals(Assert.java:1037)
at org.testng.Assert.assertEqualsImpl(Assert.java:140)
at org.testng.Assert.assertEquals(Assert.java:122)
at org.testng.Assert.assertEquals(Assert.java:629)
at org.testng.Assert.assertEquals(Assert.java:639)
at testNGsample.billing.createBilling(billing.java:14)
at java.base/jdk.internal.reflect.NativeMethodAccessorImpl.invoke0(Native Method)
at java.base/jdk.internal.reflect.NativeMethodAccessorImpl.invoke(NativeMethodAccessorImpl.java:64)
at java.base/jdk.internal.reflect.DelegatingMethodAccessorImpl.invoke(DelegatingMethodAccessorImpl.java:43)
at java.base/java.lang.reflect.Method.invoke(Method.java:564)
at org.testng.internal.MethodInvocationHelper.invokeMethod(MethodInvocationHelper.java:133)
at org.testng.internal.TestInvoker.invokeMethod(TestInvoker.java:598)
at org.testng.internal.TestInvoker.invokeTestMethod(TestInvoker.java:173)
at org.testng.internal.MethodRunner.runInSequence(MethodRunner.java:46)
at org.testng.internal.TestInvoker$MethodInvocationAgent.invoke(TestInvoker.java:824)
at org.testng.internal.TestInvoker.invokeTestMethods(TestInvoker.java:146)
at org.testng.internal.TestMethodWorker.invokeTestMethods(TestMethodWorker.java:146)
at org.testng.internal.TestMethodWorker.run(TestMethodWorker.java:128)
at java.base/java.util.ArrayList.forEach(ArrayList.java:1511)
at org.testng.TestRunner.privateRun(TestRunner.java:794)
at org.testng.TestRunner.run(TestRunner.java:596)
at org.testng.SuiteRunner.runTest(SuiteRunner.java:377)
at org.testng.SuiteRunner.runSequentially(SuiteRunner.java:371)
at org.testng.SuiteRunner.privateRun(SuiteRunner.java:332)
at org.testng.SuiteRunner.run(SuiteRunner.java:276)
at org.testng.SuiteRunnerWorker.runSuite(SuiteRunnerWorker.java:53)
at org.testng.SuiteRunnerWorker.run(SuiteRunnerWorker.java:96)
at org.testng.TestNG.runSuitesSequentially(TestNG.java:1212)
at org.testng.TestNG.runSuitesLocally(TestNG.java:1134)
at org.testng.TestNG.runSuites(TestNG.java:1063)
at org.testng.TestNG.run(TestNG.java:1031)
at org.testng.remote.AbstractRemoteTestNG.run(AbstractRemoteTestNG.java:115)
at org.testng.remote.RemoteTestNG.initAndRun(RemoteTestNG.java:251)
at org.testng.remote.RemoteTestNG.main(RemoteTestNG.java:77)
]]>
            </full-stacktrace>
          </exception> <!-- java.lang.AssertionError -->
          <reporter-output>
          </reporter-output>
        </test-method> <!-- createBilling -->
        <test-method is-config="true" signature="logout()[pri:0, instance:testNGsample.billing@9353778]" started-at="2021-06-23T00:12:28 IST" name="logout" finished-at="2021-06-23T00:12:28 IST" duration-ms="0" status="PASS">
          <reporter-output>
          </reporter-output>
        </test-method> <!-- logout -->
        <test-method signature="deleteBilling()[pri:0, instance:testNGsample.billing@9353778]" started-at="2021-06-23T00:12:28 IST" name="deleteBilling" finished-at="2021-06-23T00:12:28 IST" duration-ms="2" status="PASS">
          <reporter-output>
          </reporter-output>
        </test-method> <!-- deleteBilling -->
        <test-method is-config="true" signature="login()[pri:0, instance:testNGsample.billing@9353778]" started-at="2021-06-23T00:12:28 IST" name="login" finished-at="2021-06-23T00:12:28 IST" duration-ms="0" status="PASS">
          <reporter-output>
          </reporter-output>
        </test-method> <!-- login -->
        <test-method is-config="true" signature="logout()[pri:0, instance:testNGsample.billing@9353778]" started-at="2021-06-23T00:12:28 IST" name="logout" finished-at="2021-06-23T00:12:28 IST" duration-ms="1" status="PASS">
          <reporter-output>
          </reporter-output>
        </test-method> <!-- logout -->
        <test-method signature="editBilling()[pri:0, instance:testNGsample.billing@9353778]" started-at="2021-06-23T00:12:28 IST" name="editBilling" finished-at="2021-06-23T00:12:28 IST" depends-on-methods="testNGsample.billing.createBilling" duration-ms="0" status="SKIP">
          <exception class="java.lang.Throwable">
            <message>
              <![CDATA[Method billing.editBilling()[pri:0, instance:testNGsample.billing@9353778] depends on not successfully finished methods]]>
            </message>
            <full-stacktrace>
              <![CDATA[java.lang.Throwable: Method billing.editBilling()[pri:0, instance:testNGsample.billing@9353778] depends on not successfully finished methods
at org.testng.internal.TestInvoker.invokeTestMethods(TestInvoker.java:102)
at org.testng.internal.TestMethodWorker.invokeTestMethods(TestMethodWorker.java:146)
at org.testng.internal.TestMethodWorker.run(TestMethodWorker.java:128)
at java.base/java.util.ArrayList.forEach(ArrayList.java:1511)
at org.testng.TestRunner.privateRun(TestRunner.java:794)
at org.testng.TestRunner.run(TestRunner.java:596)
at org.testng.SuiteRunner.runTest(SuiteRunner.java:377)
at org.testng.SuiteRunner.runSequentially(SuiteRunner.java:371)
at org.testng.SuiteRunner.privateRun(SuiteRunner.java:332)
at org.testng.SuiteRunner.run(SuiteRunner.java:276)
at org.testng.SuiteRunnerWorker.runSuite(SuiteRunnerWorker.java:53)
at org.testng.SuiteRunnerWorker.run(SuiteRunnerWorker.java:96)
at org.testng.TestNG.runSuitesSequentially(TestNG.java:1212)
at org.testng.TestNG.runSuitesLocally(TestNG.java:1134)
at org.testng.TestNG.runSuites(TestNG.java:1063)
at org.testng.TestNG.run(TestNG.java:1031)
at org.testng.remote.AbstractRemoteTestNG.run(AbstractRemoteTestNG.java:115)
at org.testng.remote.RemoteTestNG.initAndRun(RemoteTestNG.java:251)
at org.testng.remote.RemoteTestNG.main(RemoteTestNG.java:77)
]]>
            </full-stacktrace>
          </exception> <!-- java.lang.Throwable -->
          <reporter-output>
          </reporter-output>
        </test-method> <!-- editBilling -->
        <test-method is-config="true" signature="close()[pri:0, instance:testNGsample.billing@9353778]" started-at="2021-06-23T00:12:28 IST" name="close" finished-at="2021-06-23T00:12:28 IST" duration-ms="0" status="PASS">
          <reporter-output>
          </reporter-output>
        </test-method> <!-- close -->
      </class> <!-- testNGsample.billing -->
      <class name="testNGsample.users">
        <test-method is-config="true" signature="login()[pri:0, instance:testNGsample.users@1ddf84b8]" started-at="2021-06-23T00:12:28 IST" name="login" finished-at="2021-06-23T00:12:28 IST" duration-ms="1" status="PASS">
          <reporter-output>
          </reporter-output>
        </test-method> <!-- login -->
        <test-method is-config="true" signature="launch()[pri:0, instance:testNGsample.users@1ddf84b8]" started-at="2021-06-23T00:12:28 IST" name="launch" finished-at="2021-06-23T00:12:28 IST" duration-ms="0" status="PASS">
          <reporter-output>
          </reporter-output>
        </test-method> <!-- launch -->
        <test-method signature="createuser()[pri:0, instance:testNGsample.users@1ddf84b8]" started-at="2021-06-23T00:12:28 IST" name="createuser" finished-at="2021-06-23T00:12:28 IST" duration-ms="5" status="PASS">
          <reporter-output>
          </reporter-output>
        </test-method> <!-- createuser -->
        <test-method is-config="true" signature="logout()[pri:0, instance:testNGsample.users@1ddf84b8]" started-at="2021-06-23T00:12:28 IST" name="logout" finished-at="2021-06-23T00:12:28 IST" duration-ms="0" status="PASS">
          <reporter-output>
          </reporter-output>
        </test-method> <!-- logout -->
        <test-method is-config="true" signature="login()[pri:0, instance:testNGsample.users@1ddf84b8]" started-at="2021-06-23T00:12:28 IST" name="login" finished-at="2021-06-23T00:12:28 IST" duration-ms="0" status="PASS">
          <reporter-output>
          </reporter-output>
        </test-method> <!-- login -->
        <test-method signature="edituser()[pri:1, instance:testNGsample.users@1ddf84b8]" started-at="2021-06-23T00:12:28 IST" name="edituser" finished-at="2021-06-23T00:12:28 IST" duration-ms="1" status="PASS">
          <reporter-output>
          </reporter-output>
        </test-method> <!-- edituser -->
        <test-method is-config="true" signature="logout()[pri:0, instance:testNGsample.users@1ddf84b8]" started-at="2021-06-23T00:12:28 IST" name="logout" finished-at="2021-06-23T00:12:28 IST" duration-ms="1" status="PASS">
          <reporter-output>
          </reporter-output>
        </test-method> <!-- logout -->
        <test-method signature="deleteuser()[pri:2, instance:testNGsample.users@1ddf84b8]" started-at="2021-06-23T00:12:28 IST" name="deleteuser" finished-at="2021-06-23T00:12:28 IST" duration-ms="1" status="PASS">
          <reporter-output>
          </reporter-output>
        </test-method> <!-- deleteuser -->
        <test-method is-config="true" signature="login()[pri:0, instance:testNGsample.users@1ddf84b8]" started-at="2021-06-23T00:12:28 IST" name="login" finished-at="2021-06-23T00:12:28 IST" duration-ms="0" status="PASS">
          <reporter-output>
          </reporter-output>
        </test-method> <!-- login -->
        <test-method is-config="true" signature="logout()[pri:0, instance:testNGsample.users@1ddf84b8]" started-at="2021-06-23T00:12:28 IST" name="logout" finished-at="2021-06-23T00:12:28 IST" duration-ms="1" status="PASS">
          <reporter-output>
          </reporter-output>
        </test-method> <!-- logout -->
        <test-method is-config="true" signature="close()[pri:0, instance:testNGsample.users@1ddf84b8]" started-at="2021-06-23T00:12:28 IST" name="close" finished-at="2021-06-23T00:12:28 IST" duration-ms="4" status="PASS">
          <reporter-output>
          </reporter-output>
        </test-method> <!-- close -->
      </class> <!-- testNGsample.users -->
    </test> <!-- Test -->
  </suite> <!-- Suite -->
</testng-results>
